<?xml version="1.0" encoding="UTF-8"?>
<testng-results ignored="0" total="1" passed="1" failed="0" skipped="0">
  <reporter-output>
  </reporter-output>
  <suite started-at="2022-11-29T19:36:04 PST" name="Default suite" finished-at="2022-11-29T19:38:10 PST" duration-ms="125732">
    <groups>
    </groups>
    <test started-at="2022-11-29T19:36:04 PST" name="Default test" finished-at="2022-11-29T19:38:10 PST" duration-ms="125732">
      <class name="com.motherhood.baseclass">
        <test-method signature="launchApp()[pri:0, instance:com.motherhood.baseclass@333d4a8c]" started-at="2022-11-29T19:36:04 PST" name="launchApp" finished-at="2022-11-29T19:38:09 PST" duration-ms="124804" status="PASS">
          <reporter-output>
          </reporter-output>
        </test-method> <!-- launchApp -->
        <test-method is-config="true" signature="closeapp()[pri:0, instance:com.motherhood.baseclass@333d4a8c]" started-at="2022-11-29T19:38:09 PST" name="closeapp" finished-at="2022-11-29T19:38:10 PST" duration-ms="830" status="PASS">
          <reporter-output>
          </reporter-output>
        </test-method> <!-- closeapp -->
      </class> <!-- com.motherhood.baseclass -->
    </test> <!-- Default test -->
  </suite> <!-- Default suite -->
</testng-results>
